DEBUG:__main__:Got Solution
DEBUG:__main__:dict_keys([(0, 1), (0, 2), (0, 3), (1, 2), (1, 3), (2, 3)])
DEBUG:__main__:(0, 1)
DEBUG:__main__:(0, 2)
DEBUG:__main__:(0, 3)
DEBUG:__main__:A
DEBUG:__main__:B
DEBUG:__main__:C
DEBUG:__main__:(1, 2)
DEBUG:__main__:A
DEBUG:__main__:B
DEBUG:__main__:C
DEBUG:__main__:(1, 3)
DEBUG:__main__:(2, 3)
DEBUG:__main__:Got Solution
DEBUG:__main__:dict_keys([(0, 1), (0, 2), (0, 3), (1, 2), (1, 3), (2, 3)])
DEBUG:__main__:(0, 1)
DEBUG:__main__:(0, 2)
DEBUG:__main__:A
DEBUG:__main__:B
DEBUG:__main__:C
DEBUG:__main__:(0, 3)
DEBUG:__main__:(1, 2)
DEBUG:__main__:(1, 3)
DEBUG:__main__:A
DEBUG:__main__:B
DEBUG:__main__:C
DEBUG:__main__:(2, 3)
DEBUG:__main__:Got Solution
DEBUG:__main__:dict_keys([(0, 1), (0, 2), (0, 3), (1, 2), (1, 3), (2, 3)])
DEBUG:__main__:(0, 1)
DEBUG:__main__:A
DEBUG:__main__:B
DEBUG:__main__:C
DEBUG:__main__:(0, 2)
DEBUG:__main__:(0, 3)
DEBUG:__main__:(1, 2)
DEBUG:__main__:(1, 3)
DEBUG:__main__:(2, 3)
DEBUG:__main__:A
DEBUG:__main__:B
DEBUG:__main__:C
DEBUG:__main__:Got Solution
DEBUG:__main__:dict_keys([(0, 1), (0, 2), (0, 3), (1, 2), (1, 3), (2, 3)])
DEBUG:__main__:(0, 1)
DEBUG:__main__:(0, 2)
DEBUG:__main__:(0, 3)
DEBUG:__main__:(1, 2)
DEBUG:__main__:(1, 3)
DEBUG:__main__:(2, 3)
DEBUG:__main__:Got Solution
DEBUG:__main__:dict_keys([(0, 1), (0, 2), (0, 3), (1, 2), (1, 3), (2, 3)])
DEBUG:__main__:(0, 1)
DEBUG:__main__:(0, 2)
DEBUG:__main__:(0, 3)
DEBUG:__main__:(1, 2)
DEBUG:__main__:(1, 3)
DEBUG:__main__:(2, 3)
DEBUG:__main__:Got Solution
DEBUG:__main__:dict_keys([(0, 1), (0, 2), (0, 3), (1, 2), (1, 3), (2, 3)])
DEBUG:__main__:(0, 1)
DEBUG:__main__:(0, 2)
DEBUG:__main__:(0, 3)
DEBUG:__main__:(1, 2)
DEBUG:__main__:(1, 3)
DEBUG:__main__:(2, 3)
DEBUG:__main__:(0, 1)
DEBUG:__main__:(0, 2)
DEBUG:__main__:(0, 3)
DEBUG:__main__:(1, 2)
DEBUG:__main__:(1, 3)
DEBUG:__main__:(2, 3)
DEBUG:__main__:(0, 1)
DEBUG:__main__:(0, 2)
DEBUG:__main__:(0, 3)
DEBUG:__main__:(1, 2)
DEBUG:__main__:(1, 3)
DEBUG:__main__:(2, 3)
DEBUG:__main__:(0, 1)
DEBUG:__main__:(0, 2)
DEBUG:__main__:(0, 3)
DEBUG:__main__:(1, 2)
DEBUG:__main__:(1, 3)
DEBUG:__main__:(2, 3)
DEBUG:__main__:(0, 1)
DEBUG:__main__:(0, 2)
DEBUG:__main__:(0, 3)
DEBUG:__main__:(1, 2)
DEBUG:__main__:(1, 3)
DEBUG:__main__:(2, 3)
DEBUG:__main__:(0, 1)
DEBUG:__main__:(0, 2)
DEBUG:__main__:(0, 3)
DEBUG:__main__:(1, 2)
DEBUG:__main__:(1, 3)
DEBUG:__main__:(2, 3)
DEBUG:__main__:(0, 1)
DEBUG:__main__:(0, 2)
DEBUG:__main__:(0, 3)
DEBUG:__main__:(1, 2)
DEBUG:__main__:(1, 3)
DEBUG:__main__:(2, 3)
DEBUG:__main__:(0, 1)
DEBUG:__main__:(0, 2)
DEBUG:__main__:(0, 3)
DEBUG:__main__:(1, 2)
DEBUG:__main__:(1, 3)
DEBUG:__main__:(2, 3)
DEBUG:__main__:(0, 1)
DEBUG:__main__:(0, 2)
DEBUG:__main__:(0, 3)
DEBUG:__main__:(1, 2)
DEBUG:__main__:(1, 3)
DEBUG:__main__:(2, 3)
DEBUG:__main__:(0, 1)
DEBUG:__main__:(0, 2)
DEBUG:__main__:(0, 3)
DEBUG:__main__:(1, 2)
DEBUG:__main__:(1, 3)
DEBUG:__main__:(2, 3)
DEBUG:__main__:(0, 1)
DEBUG:__main__:(0, 2)
DEBUG:__main__:(0, 3)
DEBUG:__main__:(1, 2)
DEBUG:__main__:(1, 3)
DEBUG:__main__:(2, 3)
DEBUG:__main__:(0, 1)
DEBUG:__main__:(0, 2)
DEBUG:__main__:(0, 3)
DEBUG:__main__:(1, 2)
DEBUG:__main__:(1, 3)
DEBUG:__main__:(2, 3)
DEBUG:__main__:(0, 1)
DEBUG:__main__:(0, 2)
DEBUG:__main__:(0, 3)
DEBUG:__main__:(1, 2)
DEBUG:__main__:(1, 3)
DEBUG:__main__:(2, 3)
DEBUG:__main__:(0, 1)
DEBUG:__main__:(0, 2)
DEBUG:__main__:(0, 3)
DEBUG:__main__:(1, 2)
DEBUG:__main__:(1, 3)
DEBUG:__main__:(2, 3)
DEBUG:__main__:(0, 1)
DEBUG:__main__:(0, 2)
DEBUG:__main__:(0, 3)
DEBUG:__main__:(1, 2)
DEBUG:__main__:(1, 3)
DEBUG:__main__:(2, 3)
